<?xml version="1.0" encoding="UTF-8"?>
<testsuite xmlns:xsi="http://www.w3.org/2001/XMLSchema-instance" xsi:noNamespaceSchemaLocation="https://maven.apache.org/surefire/maven-surefire-plugin/xsd/surefire-test-report-3.0.xsd" version="3.0" name="org.flossware.jeventbus.ServiceRegistryImplTest" time="0.624" tests="12" errors="0" skipped="0" failures="0">
  <properties>
[...]
</properties>
  <testcase name="testRegisterNullServiceInterface" classname="org.flossware.jeventbus.ServiceRegistryImplTest" time="0.414">
    <system-out><![CDATA[18:59:57.329 [main] INFO org.flossware.jeventbus.ServiceRegistryImpl -- ServiceRegistry created
]]></system-out>
  </testcase>
  <testcase name="testRegisterMultipleImplementations" classname="org.flossware.jeventbus.ServiceRegistryImplTest" time="0.02">
    <system-out><![CDATA[18:59:57.399 [main] INFO org.flossware.jeventbus.ServiceRegistryImpl -- ServiceRegistry created
18:59:57.401 [main] INFO org.flossware.jeventbus.ServiceRegistryImpl -- Registered service: org.flossware.jeventbus.ServiceRegistryImplTest$TestService -> org.flossware.jeventbus.ServiceRegistryImplTest$TestServiceImpl
18:59:57.408 [main] INFO org.flossware.jeventbus.ServiceRegistryImpl -- Registered service: org.flossware.jeventbus.ServiceRegistryImplTest$TestService -> org.flossware.jeventbus.ServiceRegistryImplTest$TestServiceImpl
18:59:57.408 [main] INFO org.flossware.jeventbus.ServiceRegistryImpl -- Registered service: org.flossware.jeventbus.ServiceRegistryImplTest$TestService -> org.flossware.jeventbus.ServiceRegistryImplTest$TestServiceImpl
18:59:57.409 [main] DEBUG org.flossware.jeventbus.ServiceRegistryImpl -- Found 3 services for: org.flossware.jeventbus.ServiceRegistryImplTest$TestService
]]></system-out>
  </testcase>
  <testcase name="testUnregisterService" classname="org.flossware.jeventbus.ServiceRegistryImplTest" time="0.009">
    <system-out><![CDATA[18:59:57.423 [main] INFO org.flossware.jeventbus.ServiceRegistryImpl -- ServiceRegistry created
18:59:57.425 [main] INFO org.flossware.jeventbus.ServiceRegistryImpl -- Registered service: org.flossware.jeventbus.ServiceRegistryImplTest$TestService -> org.flossware.jeventbus.ServiceRegistryImplTest$TestServiceImpl
18:59:57.426 [main] INFO org.flossware.jeventbus.ServiceRegistryImpl -- Registered service: org.flossware.jeventbus.ServiceRegistryImplTest$TestService -> org.flossware.jeventbus.ServiceRegistryImplTest$TestServiceImpl
18:59:57.426 [main] DEBUG org.flossware.jeventbus.ServiceRegistryImpl -- Found 2 services for: org.flossware.jeventbus.ServiceRegistryImplTest$TestService
18:59:57.427 [main] INFO org.flossware.jeventbus.ServiceRegistryImpl -- Unregistered service: org.flossware.jeventbus.ServiceRegistryImplTest$TestService -> org.flossware.jeventbus.ServiceRegistryImplTest$TestServiceImpl
18:59:57.428 [main] DEBUG org.flossware.jeventbus.ServiceRegistryImpl -- Found 1 services for: org.flossware.jeventbus.ServiceRegistryImplTest$TestService
]]></system-out>
  </testcase>
  <testcase name="testClear" classname="org.flossware.jeventbus.ServiceRegistryImplTest" time="0.017">
    <system-out><![CDATA[18:59:57.439 [main] INFO org.flossware.jeventbus.ServiceRegistryImpl -- ServiceRegistry created
18:59:57.440 [main] INFO org.flossware.jeventbus.ServiceRegistryImpl -- Registered service: org.flossware.jeventbus.ServiceRegistryImplTest$TestService -> org.flossware.jeventbus.ServiceRegistryImplTest$TestServiceImpl
18:59:57.440 [main] INFO org.flossware.jeventbus.ServiceRegistryImpl -- Registered service: org.flossware.jeventbus.ServiceRegistryImplTest$TestService -> org.flossware.jeventbus.ServiceRegistryImplTest$TestServiceImpl
18:59:57.446 [main] INFO org.flossware.jeventbus.ServiceRegistryImpl -- Cleared all 2 registered services
]]></system-out>
  </testcase>
  <testcase name="testGetServiceReturnsFirst" classname="org.flossware.jeventbus.ServiceRegistryImplTest" time="0.004">
    <system-out><![CDATA[18:59:57.453 [main] INFO org.flossware.jeventbus.ServiceRegistryImpl -- ServiceRegistry created
18:59:57.454 [main] INFO org.flossware.jeventbus.ServiceRegistryImpl -- Registered service: org.flossware.jeventbus.ServiceRegistryImplTest$TestService -> org.flossware.jeventbus.ServiceRegistryImplTest$TestServiceImpl
18:59:57.455 [main] INFO org.flossware.jeventbus.ServiceRegistryImpl -- Registered service: org.flossware.jeventbus.ServiceRegistryImplTest$TestService -> org.flossware.jeventbus.ServiceRegistryImplTest$TestServiceImpl
]]></system-out>
  </testcase>
  <testcase name="testRegisterNonInterface" classname="org.flossware.jeventbus.ServiceRegistryImplTest" time="0.005">
    <system-out><![CDATA[18:59:57.460 [main] INFO org.flossware.jeventbus.ServiceRegistryImpl -- ServiceRegistry created
]]></system-out>
  </testcase>
  <testcase name="testUnregisterLastService" classname="org.flossware.jeventbus.ServiceRegistryImplTest" time="0.007">
    <system-out><![CDATA[18:59:57.469 [main] INFO org.flossware.jeventbus.ServiceRegistryImpl -- ServiceRegistry created
18:59:57.470 [main] INFO org.flossware.jeventbus.ServiceRegistryImpl -- Registered service: org.flossware.jeventbus.ServiceRegistryImplTest$TestService -> org.flossware.jeventbus.ServiceRegistryImplTest$TestServiceImpl
18:59:57.471 [main] INFO org.flossware.jeventbus.ServiceRegistryImpl -- Unregistered service: org.flossware.jeventbus.ServiceRegistryImplTest$TestService -> org.flossware.jeventbus.ServiceRegistryImplTest$TestServiceImpl
18:59:57.471 [main] DEBUG org.flossware.jeventbus.ServiceRegistryImpl -- No service found for: org.flossware.jeventbus.ServiceRegistryImplTest$TestService
]]></system-out>
  </testcase>
  <testcase name="testRegisterAndGetService" classname="org.flossware.jeventbus.ServiceRegistryImplTest" time="0.003">
    <system-out><![CDATA[18:59:57.477 [main] INFO org.flossware.jeventbus.ServiceRegistryImpl -- ServiceRegistry created
18:59:57.478 [main] INFO org.flossware.jeventbus.ServiceRegistryImpl -- Registered service: org.flossware.jeventbus.ServiceRegistryImplTest$TestService -> org.flossware.jeventbus.ServiceRegistryImplTest$TestServiceImpl
]]></system-out>
  </testcase>
  <testcase name="testRegisterWrongImplementation" classname="org.flossware.jeventbus.ServiceRegistryImplTest" time="0.006">
    <system-out><![CDATA[18:59:57.482 [main] INFO org.flossware.jeventbus.ServiceRegistryImpl -- ServiceRegistry created
]]></system-out>
  </testcase>
  <testcase name="testGetServiceNotFound" classname="org.flossware.jeventbus.ServiceRegistryImplTest" time="0.005">
    <system-out><![CDATA[18:59:57.505 [main] INFO org.flossware.jeventbus.ServiceRegistryImpl -- ServiceRegistry created
18:59:57.507 [main] DEBUG org.flossware.jeventbus.ServiceRegistryImpl -- No service found for: org.flossware.jeventbus.ServiceRegistryImplTest$TestService
]]></system-out>
  </testcase>
  <testcase name="testRegisterNullImplementation" classname="org.flossware.jeventbus.ServiceRegistryImplTest" time="0.006">
    <system-out><![CDATA[18:59:57.513 [main] INFO org.flossware.jeventbus.ServiceRegistryImpl -- ServiceRegistry created
]]></system-out>
  </testcase>
  <testcase name="testGetAllServicesNotFound" classname="org.flossware.jeventbus.ServiceRegistryImplTest" time="0.007">
    <system-out><![CDATA[18:59:57.525 [main] INFO org.flossware.jeventbus.ServiceRegistryImpl -- ServiceRegistry created
]]></system-out>
  </testcase>
</testsuite>