<?xml version="1.0" encoding="UTF-8"?>
<testsuite xmlns:xsi="http://www.w3.org/2001/XMLSchema-instance" xsi:noNamespaceSchemaLocation="https://maven.apache.org/surefire/maven-surefire-plugin/xsd/surefire-test-report-3.0.xsd" version="3.0" name="org.flossware.jeventbus.InMemoryMessageBusTest" time="0.287" tests="8" errors="0" skipped="0" failures="0">
  <properties>
[...]
</properties>
  <testcase name="testMultipleTopics" classname="org.flossware.jeventbus.InMemoryMessageBusTest" time="0.016">
    <system-out><![CDATA[18:59:57.786 [main] INFO org.flossware.jeventbus.InMemoryMessageBus -- InMemoryMessageBus started
18:59:57.790 [main] INFO org.flossware.jeventbus.InMemoryMessageBus -- New subscription to topic 'topic1'. Total subscribers: 1
18:59:57.791 [main] INFO org.flossware.jeventbus.InMemoryMessageBus -- New subscription to topic 'topic2'. Total subscribers: 1
18:59:57.791 [main] DEBUG org.flossware.jeventbus.InMemoryMessageBus -- Publishing message to topic 'topic1': 1 subscribers
18:59:57.794 [main] DEBUG org.flossware.jeventbus.InMemoryMessageBus -- Publishing message to topic 'topic2': 1 subscribers
18:59:57.797 [main] INFO org.flossware.jeventbus.InMemoryMessageBus -- Shutting down message bus
]]></system-out>
  </testcase>
  <testcase name="testUnsubscribe" classname="org.flossware.jeventbus.InMemoryMessageBusTest" time="0.206">
    <system-out><![CDATA[18:59:57.802 [main] INFO org.flossware.jeventbus.InMemoryMessageBus -- InMemoryMessageBus started
18:59:57.803 [main] INFO org.flossware.jeventbus.InMemoryMessageBus -- New subscription to topic 'test-topic'. Total subscribers: 1
18:59:57.803 [main] DEBUG org.flossware.jeventbus.InMemoryMessageBus -- Publishing message to topic 'test-topic': 1 subscribers
18:59:57.905 [main] INFO org.flossware.jeventbus.InMemoryMessageBus -- Unsubscribed from topic 'test-topic'. Remaining subscribers: 0
18:59:57.905 [main] DEBUG org.flossware.jeventbus.InMemoryMessageBus -- No subscribers for topic: test-topic
18:59:58.006 [main] INFO org.flossware.jeventbus.InMemoryMessageBus -- Shutting down message bus
]]></system-out>
  </testcase>
  <testcase name="testShutdown" classname="org.flossware.jeventbus.InMemoryMessageBusTest" time="0.007">
    <system-out><![CDATA[18:59:58.010 [main] INFO org.flossware.jeventbus.InMemoryMessageBus -- InMemoryMessageBus started
18:59:58.011 [main] INFO org.flossware.jeventbus.InMemoryMessageBus -- New subscription to topic 'test-topic'. Total subscribers: 1
18:59:58.011 [main] DEBUG org.flossware.jeventbus.InMemoryMessageBus -- Publishing message to topic 'test-topic': 1 subscribers
18:59:58.013 [main] INFO org.flossware.jeventbus.InMemoryMessageBus -- Shutting down message bus
18:59:58.014 [main] INFO org.flossware.jeventbus.InMemoryMessageBus -- Shutting down message bus
]]></system-out>
  </testcase>
  <testcase name="testMessageWithHeaders" classname="org.flossware.jeventbus.InMemoryMessageBusTest" time="0.004">
    <system-out><![CDATA[18:59:58.017 [main] INFO org.flossware.jeventbus.InMemoryMessageBus -- InMemoryMessageBus started
18:59:58.018 [main] INFO org.flossware.jeventbus.InMemoryMessageBus -- New subscription to topic 'test-topic'. Total subscribers: 1
18:59:58.018 [main] DEBUG org.flossware.jeventbus.InMemoryMessageBus -- Publishing message to topic 'test-topic': 1 subscribers
18:59:58.019 [main] INFO org.flossware.jeventbus.InMemoryMessageBus -- Shutting down message bus
]]></system-out>
  </testcase>
  <testcase name="testMultipleSubscribers" classname="org.flossware.jeventbus.InMemoryMessageBusTest" time="0.007">
    <system-out><![CDATA[18:59:58.023 [main] INFO org.flossware.jeventbus.InMemoryMessageBus -- InMemoryMessageBus started
18:59:58.024 [main] INFO org.flossware.jeventbus.InMemoryMessageBus -- New subscription to topic 'test-topic'. Total subscribers: 1
18:59:58.024 [main] INFO org.flossware.jeventbus.InMemoryMessageBus -- New subscription to topic 'test-topic'. Total subscribers: 2
18:59:58.024 [main] INFO org.flossware.jeventbus.InMemoryMessageBus -- New subscription to topic 'test-topic'. Total subscribers: 3
18:59:58.025 [main] DEBUG org.flossware.jeventbus.InMemoryMessageBus -- Publishing message to topic 'test-topic': 3 subscribers
18:59:58.027 [main] INFO org.flossware.jeventbus.InMemoryMessageBus -- Shutting down message bus
]]></system-out>
  </testcase>
  <testcase name="testPublishWithNoSubscribers" classname="org.flossware.jeventbus.InMemoryMessageBusTest" time="0.004">
    <system-out><![CDATA[18:59:58.032 [main] INFO org.flossware.jeventbus.InMemoryMessageBus -- InMemoryMessageBus started
18:59:58.033 [main] DEBUG org.flossware.jeventbus.InMemoryMessageBus -- No subscribers for topic: no-subscribers
18:59:58.033 [main] INFO org.flossware.jeventbus.InMemoryMessageBus -- Shutting down message bus
]]></system-out>
  </testcase>
  <testcase name="testHandlerException" classname="org.flossware.jeventbus.InMemoryMessageBusTest" time="0.015">
    <system-out><![CDATA[18:59:58.037 [main] INFO org.flossware.jeventbus.InMemoryMessageBus -- InMemoryMessageBus started
18:59:58.038 [main] INFO org.flossware.jeventbus.InMemoryMessageBus -- New subscription to topic 'test-topic'. Total subscribers: 1
18:59:58.038 [main] INFO org.flossware.jeventbus.InMemoryMessageBus -- New subscription to topic 'test-topic'. Total subscribers: 2
18:59:58.039 [main] DEBUG org.flossware.jeventbus.InMemoryMessageBus -- Publishing message to topic 'test-topic': 2 subscribers
18:59:58.041 [main] INFO org.flossware.jeventbus.InMemoryMessageBus -- Shutting down message bus
18:59:58.040 [message-bus-dispatcher] ERROR org.flossware.jeventbus.InMemoryMessageBus -- Error delivering message to subscriber on topic 'test-topic'
java.lang.RuntimeException: Handler error
	at org.flossware.jeventbus.InMemoryMessageBusTest.lambda$testHandlerException$7(InMemoryMessageBusTest.java:191)
	at org.flossware.jeventbus.InMemoryMessageBus.lambda$publish$1(InMemoryMessageBus.java:106)
	at java.base/java.util.concurrent.Executors$RunnableAdapter.call(Executors.java:572)
	at java.base/java.util.concurrent.FutureTask.run(FutureTask.java:317)
	at java.base/java.util.concurrent.ThreadPoolExecutor.runWorker(ThreadPoolExecutor.java:1144)
	at java.base/java.util.concurrent.ThreadPoolExecutor$Worker.run(ThreadPoolExecutor.java:642)
	at java.base/java.lang.Thread.run(Thread.java:1583)
]]></system-out>
  </testcase>
  <testcase name="testPublishAndReceive" classname="org.flossware.jeventbus.InMemoryMessageBusTest" time="0.015">
    <system-out><![CDATA[18:59:58.059 [main] INFO org.flossware.jeventbus.InMemoryMessageBus -- InMemoryMessageBus started
18:59:58.060 [main] INFO org.flossware.jeventbus.InMemoryMessageBus -- New subscription to topic 'test-topic'. Total subscribers: 1
18:59:58.061 [main] DEBUG org.flossware.jeventbus.InMemoryMessageBus -- Publishing message to topic 'test-topic': 1 subscribers
18:59:58.063 [main] INFO org.flossware.jeventbus.InMemoryMessageBus -- Shutting down message bus
]]></system-out>
  </testcase>
</testsuite>