<?xml version="1.0" encoding="UTF-8"?>
<testsuite xmlns:xsi="http://www.w3.org/2001/XMLSchema-instance" xsi:noNamespaceSchemaLocation="https://maven.apache.org/surefire/maven-surefire-plugin/xsd/surefire-test-report-3.0.xsd" version="3.0" name="org.flossware.jeventbus.InMemoryMessageBusEdgeCasesTest" time="10.254" tests="9" errors="0" skipped="0" failures="0">
  <properties>
[...]
</properties>
  <testcase name="testSubscriptionHandler" classname="org.flossware.jeventbus.InMemoryMessageBusEdgeCasesTest" time="0.004">
    <system-out><![CDATA[18:59:58.195 [main] INFO org.flossware.jeventbus.InMemoryMessageBus -- InMemoryMessageBus started
18:59:58.196 [main] INFO org.flossware.jeventbus.InMemoryMessageBus -- New subscription to topic 'test-topic'. Total subscribers: 1
18:59:58.197 [main] INFO org.flossware.jeventbus.InMemoryMessageBus -- Shutting down message bus
]]></system-out>
  </testcase>
  <testcase name="testSubscriptionTopic" classname="org.flossware.jeventbus.InMemoryMessageBusEdgeCasesTest" time="0.004">
    <system-out><![CDATA[18:59:58.201 [main] INFO org.flossware.jeventbus.InMemoryMessageBus -- InMemoryMessageBus started
18:59:58.202 [main] INFO org.flossware.jeventbus.InMemoryMessageBus -- New subscription to topic 'my-test-topic'. Total subscribers: 1
18:59:58.202 [main] INFO org.flossware.jeventbus.InMemoryMessageBus -- Shutting down message bus
]]></system-out>
  </testcase>
  <testcase name="testUnsubscribeWithNonImplSubscription" classname="org.flossware.jeventbus.InMemoryMessageBusEdgeCasesTest" time="0.004">
    <system-out><![CDATA[18:59:58.205 [main] INFO org.flossware.jeventbus.InMemoryMessageBus -- InMemoryMessageBus started
18:59:58.207 [main] INFO org.flossware.jeventbus.InMemoryMessageBus -- Shutting down message bus
]]></system-out>
  </testcase>
  <testcase name="testDoubleCancellation" classname="org.flossware.jeventbus.InMemoryMessageBusEdgeCasesTest" time="0.004">
    <system-out><![CDATA[18:59:58.212 [main] INFO org.flossware.jeventbus.InMemoryMessageBus -- InMemoryMessageBus started
18:59:58.213 [main] INFO org.flossware.jeventbus.InMemoryMessageBus -- New subscription to topic 'test-topic'. Total subscribers: 1
18:59:58.213 [main] INFO org.flossware.jeventbus.InMemoryMessageBus -- Unsubscribed from topic 'test-topic'. Remaining subscribers: 0
18:59:58.214 [main] INFO org.flossware.jeventbus.InMemoryMessageBus -- Shutting down message bus
]]></system-out>
  </testcase>
  <testcase name="testShutdownWithPendingMessages" classname="org.flossware.jeventbus.InMemoryMessageBusEdgeCasesTest" time="10.005">
    <system-out><![CDATA[18:59:58.216 [main] INFO org.flossware.jeventbus.InMemoryMessageBus -- InMemoryMessageBus started
18:59:58.217 [main] INFO org.flossware.jeventbus.InMemoryMessageBus -- New subscription to topic 'test-topic'. Total subscribers: 1
18:59:58.218 [main] DEBUG org.flossware.jeventbus.InMemoryMessageBus -- Publishing message to topic 'test-topic': 1 subscribers
18:59:58.219 [main] INFO org.flossware.jeventbus.InMemoryMessageBus -- Shutting down message bus
19:00:08.220 [main] INFO org.flossware.jeventbus.InMemoryMessageBus -- Shutting down message bus
]]></system-out>
  </testcase>
  <testcase name="testSubscriptionId" classname="org.flossware.jeventbus.InMemoryMessageBusEdgeCasesTest" time="0.005">
    <system-out><![CDATA[19:00:08.223 [main] INFO org.flossware.jeventbus.InMemoryMessageBus -- InMemoryMessageBus started
19:00:08.223 [main] INFO org.flossware.jeventbus.InMemoryMessageBus -- New subscription to topic 'test-topic'. Total subscribers: 1
19:00:08.224 [main] INFO org.flossware.jeventbus.InMemoryMessageBus -- New subscription to topic 'test-topic'. Total subscribers: 2
19:00:08.227 [main] INFO org.flossware.jeventbus.InMemoryMessageBus -- Shutting down message bus
]]></system-out>
  </testcase>
  <testcase name="testInactiveSubscription" classname="org.flossware.jeventbus.InMemoryMessageBusEdgeCasesTest" time="0.108">
    <system-out><![CDATA[19:00:08.230 [main] INFO org.flossware.jeventbus.InMemoryMessageBus -- InMemoryMessageBus started
19:00:08.231 [main] INFO org.flossware.jeventbus.InMemoryMessageBus -- New subscription to topic 'test-topic'. Total subscribers: 1
19:00:08.232 [main] INFO org.flossware.jeventbus.InMemoryMessageBus -- New subscription to topic 'test-topic'. Total subscribers: 2
19:00:08.234 [main] INFO org.flossware.jeventbus.InMemoryMessageBus -- Unsubscribed from topic 'test-topic'. Remaining subscribers: 1
19:00:08.235 [main] DEBUG org.flossware.jeventbus.InMemoryMessageBus -- Publishing message to topic 'test-topic': 1 subscribers
19:00:08.336 [main] INFO org.flossware.jeventbus.InMemoryMessageBus -- Shutting down message bus
]]></system-out>
  </testcase>
  <testcase name="testCancelNonExistentSubscription" classname="org.flossware.jeventbus.InMemoryMessageBusEdgeCasesTest" time="0.003">
    <system-out><![CDATA[19:00:08.339 [main] INFO org.flossware.jeventbus.InMemoryMessageBus -- InMemoryMessageBus started
19:00:08.339 [main] INFO org.flossware.jeventbus.InMemoryMessageBus -- New subscription to topic 'test-topic'. Total subscribers: 1
19:00:08.340 [main] INFO org.flossware.jeventbus.InMemoryMessageBus -- Unsubscribed from topic 'test-topic'. Remaining subscribers: 0
19:00:08.340 [main] INFO org.flossware.jeventbus.InMemoryMessageBus -- Shutting down message bus
]]></system-out>
  </testcase>
  <testcase name="testUnsubscribeWithSubscriptionImpl" classname="org.flossware.jeventbus.InMemoryMessageBusEdgeCasesTest" time="0.104">
    <system-out><![CDATA[19:00:08.342 [main] INFO org.flossware.jeventbus.InMemoryMessageBus -- InMemoryMessageBus started
19:00:08.343 [main] INFO org.flossware.jeventbus.InMemoryMessageBus -- New subscription to topic 'test-topic'. Total subscribers: 1
19:00:08.343 [main] INFO org.flossware.jeventbus.InMemoryMessageBus -- Unsubscribed from topic 'test-topic'. Remaining subscribers: 0
19:00:08.343 [main] DEBUG org.flossware.jeventbus.InMemoryMessageBus -- No subscribers for topic: test-topic
19:00:08.444 [main] INFO org.flossware.jeventbus.InMemoryMessageBus -- Shutting down message bus
]]></system-out>
  </testcase>
</testsuite>