<?xml version="1.0" encoding="UTF-8"?>
<testsuite xmlns:xsi="http://www.w3.org/2001/XMLSchema-instance" xsi:noNamespaceSchemaLocation="https://maven.apache.org/surefire/maven-surefire-plugin/xsd/surefire-test-report-3.0.xsd" version="3.0" name="org.flossware.jeventbus.ServiceRegistryImplTest" time="0.268" tests="12" errors="0" skipped="0" failures="0">
  <properties>
[...]
</properties>
  <testcase name="testRegisterNullServiceInterface" classname="org.flossware.jeventbus.ServiceRegistryImplTest" time="0.17">
    <system-out><![CDATA[00:38:36.086 [main] INFO org.flossware.jeventbus.ServiceRegistryImpl -- ServiceRegistry created
]]></system-out>
  </testcase>
  <testcase name="testRegisterMultipleImplementations" classname="org.flossware.jeventbus.ServiceRegistryImplTest" time="0.008">
    <system-out><![CDATA[00:38:36.115 [main] INFO org.flossware.jeventbus.ServiceRegistryImpl -- ServiceRegistry created
00:38:36.116 [main] INFO org.flossware.jeventbus.ServiceRegistryImpl -- Registered service: org.flossware.jeventbus.ServiceRegistryImplTest$TestService -> org.flossware.jeventbus.ServiceRegistryImplTest$TestServiceImpl
00:38:36.118 [main] INFO org.flossware.jeventbus.ServiceRegistryImpl -- Registered service: org.flossware.jeventbus.ServiceRegistryImplTest$TestService -> org.flossware.jeventbus.ServiceRegistryImplTest$TestServiceImpl
00:38:36.118 [main] INFO org.flossware.jeventbus.ServiceRegistryImpl -- Registered service: org.flossware.jeventbus.ServiceRegistryImplTest$TestService -> org.flossware.jeventbus.ServiceRegistryImplTest$TestServiceImpl
00:38:36.119 [main] DEBUG org.flossware.jeventbus.ServiceRegistryImpl -- Found 3 services for: org.flossware.jeventbus.ServiceRegistryImplTest$TestService
]]></system-out>
  </testcase>
  <testcase name="testUnregisterService" classname="org.flossware.jeventbus.ServiceRegistryImplTest" time="0.005">
    <system-out><![CDATA[00:38:36.124 [main] INFO org.flossware.jeventbus.ServiceRegistryImpl -- ServiceRegistry created
00:38:36.125 [main] INFO org.flossware.jeventbus.ServiceRegistryImpl -- Registered service: org.flossware.jeventbus.ServiceRegistryImplTest$TestService -> org.flossware.jeventbus.ServiceRegistryImplTest$TestServiceImpl
00:38:36.126 [main] INFO org.flossware.jeventbus.ServiceRegistryImpl -- Registered service: org.flossware.jeventbus.ServiceRegistryImplTest$TestService -> org.flossware.jeventbus.ServiceRegistryImplTest$TestServiceImpl
00:38:36.126 [main] DEBUG org.flossware.jeventbus.ServiceRegistryImpl -- Found 2 services for: org.flossware.jeventbus.ServiceRegistryImplTest$TestService
00:38:36.127 [main] INFO org.flossware.jeventbus.ServiceRegistryImpl -- Unregistered service: org.flossware.jeventbus.ServiceRegistryImplTest$TestService -> org.flossware.jeventbus.ServiceRegistryImplTest$TestServiceImpl
00:38:36.127 [main] DEBUG org.flossware.jeventbus.ServiceRegistryImpl -- Found 1 services for: org.flossware.jeventbus.ServiceRegistryImplTest$TestService
]]></system-out>
  </testcase>
  <testcase name="testClear" classname="org.flossware.jeventbus.ServiceRegistryImplTest" time="0.008">
    <system-out><![CDATA[00:38:36.131 [main] INFO org.flossware.jeventbus.ServiceRegistryImpl -- ServiceRegistry created
00:38:36.131 [main] INFO org.flossware.jeventbus.ServiceRegistryImpl -- Registered service: org.flossware.jeventbus.ServiceRegistryImplTest$TestService -> org.flossware.jeventbus.ServiceRegistryImplTest$TestServiceImpl
00:38:36.132 [main] INFO org.flossware.jeventbus.ServiceRegistryImpl -- Registered service: org.flossware.jeventbus.ServiceRegistryImplTest$TestService -> org.flossware.jeventbus.ServiceRegistryImplTest$TestServiceImpl
00:38:36.136 [main] INFO org.flossware.jeventbus.ServiceRegistryImpl -- Cleared all 2 registered services
]]></system-out>
  </testcase>
  <testcase name="testGetServiceReturnsFirst" classname="org.flossware.jeventbus.ServiceRegistryImplTest" time="0.003">
    <system-out><![CDATA[00:38:36.140 [main] INFO org.flossware.jeventbus.ServiceRegistryImpl -- ServiceRegistry created
00:38:36.140 [main] INFO org.flossware.jeventbus.ServiceRegistryImpl -- Registered service: org.flossware.jeventbus.ServiceRegistryImplTest$TestService -> org.flossware.jeventbus.ServiceRegistryImplTest$TestServiceImpl
00:38:36.141 [main] INFO org.flossware.jeventbus.ServiceRegistryImpl -- Registered service: org.flossware.jeventbus.ServiceRegistryImplTest$TestService -> org.flossware.jeventbus.ServiceRegistryImplTest$TestServiceImpl
]]></system-out>
  </testcase>
  <testcase name="testRegisterNonInterface" classname="org.flossware.jeventbus.ServiceRegistryImplTest" time="0.003">
    <system-out><![CDATA[00:38:36.144 [main] INFO org.flossware.jeventbus.ServiceRegistryImpl -- ServiceRegistry created
]]></system-out>
  </testcase>
  <testcase name="testUnregisterLastService" classname="org.flossware.jeventbus.ServiceRegistryImplTest" time="0.003">
    <system-out><![CDATA[00:38:36.149 [main] INFO org.flossware.jeventbus.ServiceRegistryImpl -- ServiceRegistry created
00:38:36.149 [main] INFO org.flossware.jeventbus.ServiceRegistryImpl -- Registered service: org.flossware.jeventbus.ServiceRegistryImplTest$TestService -> org.flossware.jeventbus.ServiceRegistryImplTest$TestServiceImpl
00:38:36.150 [main] INFO org.flossware.jeventbus.ServiceRegistryImpl -- Unregistered service: org.flossware.jeventbus.ServiceRegistryImplTest$TestService -> org.flossware.jeventbus.ServiceRegistryImplTest$TestServiceImpl
00:38:36.150 [main] DEBUG org.flossware.jeventbus.ServiceRegistryImpl -- No service found for: org.flossware.jeventbus.ServiceRegistryImplTest$TestService
]]></system-out>
  </testcase>
  <testcase name="testRegisterAndGetService" classname="org.flossware.jeventbus.ServiceRegistryImplTest" time="0.002">
    <system-out><![CDATA[00:38:36.153 [main] INFO org.flossware.jeventbus.ServiceRegistryImpl -- ServiceRegistry created
00:38:36.154 [main] INFO org.flossware.jeventbus.ServiceRegistryImpl -- Registered service: org.flossware.jeventbus.ServiceRegistryImplTest$TestService -> org.flossware.jeventbus.ServiceRegistryImplTest$TestServiceImpl
]]></system-out>
  </testcase>
  <testcase name="testRegisterWrongImplementation" classname="org.flossware.jeventbus.ServiceRegistryImplTest" time="0.003">
    <system-out><![CDATA[00:38:36.157 [main] INFO org.flossware.jeventbus.ServiceRegistryImpl -- ServiceRegistry created
]]></system-out>
  </testcase>
  <testcase name="testGetServiceNotFound" classname="org.flossware.jeventbus.ServiceRegistryImplTest" time="0.002">
    <system-out><![CDATA[00:38:36.161 [main] INFO org.flossware.jeventbus.ServiceRegistryImpl -- ServiceRegistry created
00:38:36.162 [main] DEBUG org.flossware.jeventbus.ServiceRegistryImpl -- No service found for: org.flossware.jeventbus.ServiceRegistryImplTest$TestService
]]></system-out>
  </testcase>
  <testcase name="testRegisterNullImplementation" classname="org.flossware.jeventbus.ServiceRegistryImplTest" time="0.002">
    <system-out><![CDATA[00:38:36.164 [main] INFO org.flossware.jeventbus.ServiceRegistryImpl -- ServiceRegistry created
]]></system-out>
  </testcase>
  <testcase name="testGetAllServicesNotFound" classname="org.flossware.jeventbus.ServiceRegistryImplTest" time="0.002">
    <system-out><![CDATA[00:38:36.168 [main] INFO org.flossware.jeventbus.ServiceRegistryImpl -- ServiceRegistry created
]]></system-out>
  </testcase>
</testsuite>