<?xml version="1.0" encoding="UTF-8"?>
<testsuite xmlns:xsi="http://www.w3.org/2001/XMLSchema-instance" xsi:noNamespaceSchemaLocation="https://maven.apache.org/surefire/maven-surefire-plugin/xsd/surefire-test-report-3.0.xsd" version="3.0" name="org.flossware.jeventbus.InMemoryMessageBusTest" time="0.291" tests="8" errors="0" skipped="0" failures="0">
  <properties>
[...]
</properties>
  <testcase name="testMultipleTopics" classname="org.flossware.jeventbus.InMemoryMessageBusTest" time="0.05">
    <system-out><![CDATA[00:38:36.183 [main] INFO org.flossware.jeventbus.InMemoryMessageBus -- InMemoryMessageBus started
00:38:36.224 [main] INFO org.flossware.jeventbus.InMemoryMessageBus -- New subscription to topic 'topic1'. Total subscribers: 1
00:38:36.225 [main] INFO org.flossware.jeventbus.InMemoryMessageBus -- New subscription to topic 'topic2'. Total subscribers: 1
00:38:36.226 [main] DEBUG org.flossware.jeventbus.InMemoryMessageBus -- Publishing message to topic 'topic1': 1 subscribers
00:38:36.227 [main] DEBUG org.flossware.jeventbus.InMemoryMessageBus -- Publishing message to topic 'topic2': 1 subscribers
00:38:36.229 [main] INFO org.flossware.jeventbus.InMemoryMessageBus -- Shutting down message bus
]]></system-out>
  </testcase>
  <testcase name="testUnsubscribe" classname="org.flossware.jeventbus.InMemoryMessageBusTest" time="0.206">
    <system-out><![CDATA[00:38:36.233 [main] INFO org.flossware.jeventbus.InMemoryMessageBus -- InMemoryMessageBus started
00:38:36.234 [main] INFO org.flossware.jeventbus.InMemoryMessageBus -- New subscription to topic 'test-topic'. Total subscribers: 1
00:38:36.235 [main] DEBUG org.flossware.jeventbus.InMemoryMessageBus -- Publishing message to topic 'test-topic': 1 subscribers
00:38:36.336 [main] INFO org.flossware.jeventbus.InMemoryMessageBus -- Unsubscribed from topic 'test-topic'. Remaining subscribers: 0
00:38:36.336 [main] DEBUG org.flossware.jeventbus.InMemoryMessageBus -- No subscribers for topic: test-topic
00:38:36.437 [main] INFO org.flossware.jeventbus.InMemoryMessageBus -- Shutting down message bus
]]></system-out>
  </testcase>
  <testcase name="testShutdown" classname="org.flossware.jeventbus.InMemoryMessageBusTest" time="0.006">
    <system-out><![CDATA[00:38:36.441 [main] INFO org.flossware.jeventbus.InMemoryMessageBus -- InMemoryMessageBus started
00:38:36.442 [main] INFO org.flossware.jeventbus.InMemoryMessageBus -- New subscription to topic 'test-topic'. Total subscribers: 1
00:38:36.442 [main] DEBUG org.flossware.jeventbus.InMemoryMessageBus -- Publishing message to topic 'test-topic': 1 subscribers
00:38:36.444 [main] INFO org.flossware.jeventbus.InMemoryMessageBus -- Shutting down message bus
00:38:36.445 [main] INFO org.flossware.jeventbus.InMemoryMessageBus -- Shutting down message bus
]]></system-out>
  </testcase>
  <testcase name="testMessageWithHeaders" classname="org.flossware.jeventbus.InMemoryMessageBusTest" time="0.004">
    <system-out><![CDATA[00:38:36.447 [main] INFO org.flossware.jeventbus.InMemoryMessageBus -- InMemoryMessageBus started
00:38:36.448 [main] INFO org.flossware.jeventbus.InMemoryMessageBus -- New subscription to topic 'test-topic'. Total subscribers: 1
00:38:36.448 [main] DEBUG org.flossware.jeventbus.InMemoryMessageBus -- Publishing message to topic 'test-topic': 1 subscribers
00:38:36.449 [main] INFO org.flossware.jeventbus.InMemoryMessageBus -- Shutting down message bus
]]></system-out>
  </testcase>
  <testcase name="testMultipleSubscribers" classname="org.flossware.jeventbus.InMemoryMessageBusTest" time="0.004">
    <system-out><![CDATA[00:38:36.452 [main] INFO org.flossware.jeventbus.InMemoryMessageBus -- InMemoryMessageBus started
00:38:36.452 [main] INFO org.flossware.jeventbus.InMemoryMessageBus -- New subscription to topic 'test-topic'. Total subscribers: 1
00:38:36.453 [main] INFO org.flossware.jeventbus.InMemoryMessageBus -- New subscription to topic 'test-topic'. Total subscribers: 2
00:38:36.453 [main] INFO org.flossware.jeventbus.InMemoryMessageBus -- New subscription to topic 'test-topic'. Total subscribers: 3
00:38:36.453 [main] DEBUG org.flossware.jeventbus.InMemoryMessageBus -- Publishing message to topic 'test-topic': 3 subscribers
00:38:36.454 [main] INFO org.flossware.jeventbus.InMemoryMessageBus -- Shutting down message bus
]]></system-out>
  </testcase>
  <testcase name="testPublishWithNoSubscribers" classname="org.flossware.jeventbus.InMemoryMessageBusTest" time="0.002">
    <system-out><![CDATA[00:38:36.457 [main] INFO org.flossware.jeventbus.InMemoryMessageBus -- InMemoryMessageBus started
00:38:36.457 [main] DEBUG org.flossware.jeventbus.InMemoryMessageBus -- No subscribers for topic: no-subscribers
00:38:36.458 [main] INFO org.flossware.jeventbus.InMemoryMessageBus -- Shutting down message bus
]]></system-out>
  </testcase>
  <testcase name="testHandlerException" classname="org.flossware.jeventbus.InMemoryMessageBusTest" time="0.007">
    <system-out><![CDATA[00:38:36.460 [main] INFO org.flossware.jeventbus.InMemoryMessageBus -- InMemoryMessageBus started
00:38:36.461 [main] INFO org.flossware.jeventbus.InMemoryMessageBus -- New subscription to topic 'test-topic'. Total subscribers: 1
00:38:36.461 [main] INFO org.flossware.jeventbus.InMemoryMessageBus -- New subscription to topic 'test-topic'. Total subscribers: 2
00:38:36.462 [main] DEBUG org.flossware.jeventbus.InMemoryMessageBus -- Publishing message to topic 'test-topic': 2 subscribers
00:38:36.463 [main] INFO org.flossware.jeventbus.InMemoryMessageBus -- Shutting down message bus
00:38:36.462 [message-bus-dispatcher] ERROR org.flossware.jeventbus.InMemoryMessageBus -- Error delivering message to subscriber on topic 'test-topic'
java.lang.RuntimeException: Handler error
	at org.flossware.jeventbus.InMemoryMessageBusTest.lambda$testHandlerException$7(InMemoryMessageBusTest.java:191)
	at org.flossware.jeventbus.InMemoryMessageBus.lambda$publish$1(InMemoryMessageBus.java:106)
	at java.base/java.util.concurrent.Executors$RunnableAdapter.call(Executors.java:572)
	at java.base/java.util.concurrent.FutureTask.run(FutureTask.java:317)
	at java.base/java.util.concurrent.ThreadPoolExecutor.runWorker(ThreadPoolExecutor.java:1144)
	at java.base/java.util.concurrent.ThreadPoolExecutor$Worker.run(ThreadPoolExecutor.java:642)
	at java.base/java.lang.Thread.run(Thread.java:1583)
]]></system-out>
  </testcase>
  <testcase name="testPublishAndReceive" classname="org.flossware.jeventbus.InMemoryMessageBusTest" time="0.003">
    <system-out><![CDATA[00:38:36.467 [main] INFO org.flossware.jeventbus.InMemoryMessageBus -- InMemoryMessageBus started
00:38:36.468 [main] INFO org.flossware.jeventbus.InMemoryMessageBus -- New subscription to topic 'test-topic'. Total subscribers: 1
00:38:36.468 [main] DEBUG org.flossware.jeventbus.InMemoryMessageBus -- Publishing message to topic 'test-topic': 1 subscribers
00:38:36.470 [main] INFO org.flossware.jeventbus.InMemoryMessageBus -- Shutting down message bus
]]></system-out>
  </testcase>
</testsuite>